2022-10-03 14:11:53.688 INFO  (main) [   ] o.e.j.u.log Logging initialized @1149ms to org.eclipse.jetty.util.log.Slf4jLog
2022-10-03 14:11:53.909 INFO  (main) [   ] o.e.j.s.Server jetty-9.4.44.v20210927; built: 2021-09-27T23:02:44.612Z; git: 8da83308eeca865e495e53ef315a249d63ba9332; jvm 18+36-2087
2022-10-03 14:11:53.919 INFO  (main) [   ] o.e.j.d.p.ScanningAppProvider Deployment monitor [file:///Users/liukun/Documents/22F/Product-Search-Project/solr/server/contexts/] at interval 0
2022-10-03 14:11:54.192 INFO  (main) [   ] o.e.j.w.StandardDescriptorProcessor NO JSP Support for /solr, did not find org.apache.jasper.servlet.JspServlet
2022-10-03 14:11:54.203 INFO  (main) [   ] o.e.j.s.session DefaultSessionIdManager workerName=node0
2022-10-03 14:11:54.203 INFO  (main) [   ] o.e.j.s.session No SessionScavenger set, using defaults
2022-10-03 14:11:54.205 INFO  (main) [   ] o.e.j.s.session node0 Scavenging every 660000ms
2022-10-03 14:11:54.279 INFO  (main) [   ] o.a.s.s.SolrDispatchFilter Using logger factory org.apache.logging.slf4j.Log4jLoggerFactory
2022-10-03 14:11:54.284 INFO  (main) [   ] o.a.s.s.SolrDispatchFilter  ___      _       Welcome to Apache Solr™ version 8.11.2
2022-10-03 14:11:54.284 INFO  (main) [   ] o.a.s.s.SolrDispatchFilter / __| ___| |_ _   Starting in standalone mode on port 8983
2022-10-03 14:11:54.285 INFO  (main) [   ] o.a.s.s.SolrDispatchFilter \__ \/ _ \ | '_|  Install dir: /Users/liukun/Documents/22F/Product-Search-Project/solr
2022-10-03 14:11:54.285 INFO  (main) [   ] o.a.s.s.SolrDispatchFilter |___/\___/_|_|    Start time: 2022-10-03T14:11:54.285279Z
2022-10-03 14:11:54.294 INFO  (main) [   ] o.a.s.c.SolrPaths Using system property solr.solr.home: /Users/liukun/Documents/22F/Product-Search-Project/solr/server/solr
2022-10-03 14:11:54.295 INFO  (main) [   ] o.a.s.c.SolrXmlConfig Loading container configuration from /Users/liukun/Documents/22F/Product-Search-Project/solr/server/solr/solr.xml
2022-10-03 14:11:54.375 INFO  (main) [   ] o.a.s.c.SolrXmlConfig MBean server found: com.sun.jmx.mbeanserver.JmxMBeanServer@413d1baf, but no JMX reporters were configured - adding default JMX reporter.
2022-10-03 14:11:54.905 INFO  (main) [   ] o.a.s.h.c.HttpShardHandlerFactory Host whitelist initialized: WhitelistHostChecker [whitelistHosts=null, whitelistHostCheckingEnabled=true]
2022-10-03 14:11:55.199 WARN  (main) [   ] o.e.j.u.s.S.config Trusting all certificates configured for Client@5524b72f[provider=null,keyStore=null,trustStore=null]
2022-10-03 14:11:55.200 WARN  (main) [   ] o.e.j.u.s.S.config No Client EndPointIdentificationAlgorithm configured for Client@5524b72f[provider=null,keyStore=null,trustStore=null]
2022-10-03 14:11:55.389 WARN  (main) [   ] o.e.j.u.s.S.config Trusting all certificates configured for Client@2c7a8af2[provider=null,keyStore=null,trustStore=null]
2022-10-03 14:11:55.390 WARN  (main) [   ] o.e.j.u.s.S.config No Client EndPointIdentificationAlgorithm configured for Client@2c7a8af2[provider=null,keyStore=null,trustStore=null]
2022-10-03 14:11:55.452 WARN  (main) [   ] o.a.s.c.CoreContainer Not all security plugins configured!  authentication=disabled authorization=disabled.  Solr is only as secure as you make it. Consider configuring authentication/authorization before exposing Solr to users internal or external.  See https://s.apache.org/solrsecurity for more info
2022-10-03 14:11:55.604 INFO  (main) [   ] o.a.s.c.TransientSolrCoreCacheDefault Allocating transient core cache for max 2147483647 cores with initial capacity of 1024
2022-10-03 14:11:55.618 INFO  (main) [   ] o.a.s.h.a.MetricsHistoryHandler No .system collection, keeping metrics history in memory.
2022-10-03 14:11:55.681 INFO  (main) [   ] o.a.s.m.r.SolrJmxReporter JMX monitoring for 'solr.node' (registry 'solr.node') enabled at server: com.sun.jmx.mbeanserver.JmxMBeanServer@413d1baf
2022-10-03 14:11:55.682 INFO  (main) [   ] o.a.s.m.r.SolrJmxReporter JMX monitoring for 'solr.jvm' (registry 'solr.jvm') enabled at server: com.sun.jmx.mbeanserver.JmxMBeanServer@413d1baf
2022-10-03 14:11:55.682 INFO  (main) [   ] o.a.s.m.r.SolrJmxReporter JMX monitoring for 'solr.jetty' (registry 'solr.jetty') enabled at server: com.sun.jmx.mbeanserver.JmxMBeanServer@413d1baf
2022-10-03 14:11:55.714 INFO  (main) [   ] o.a.s.c.CorePropertiesLocator Found 1 core definitions underneath /Users/liukun/Documents/22F/Product-Search-Project/solr/server/solr
2022-10-03 14:11:55.715 INFO  (main) [   ] o.a.s.c.CorePropertiesLocator Cores are: [new_core]
2022-10-03 14:11:55.752 INFO  (coreLoadExecutor-13-thread-1) [   x:new_core] o.a.s.c.SolrResourceLoader Added 60 libs to classloader, from paths: [/Users/liukun/Documents/22F/Product-Search-Project/solr/contrib/extraction/lib, /Users/liukun/Documents/22F/Product-Search-Project/solr/contrib/langid/lib, /Users/liukun/Documents/22F/Product-Search-Project/solr/contrib/velocity/lib, /Users/liukun/Documents/22F/Product-Search-Project/solr/dist, /Users/liukun/Documents/22F/Product-Search-Project/solr/server/solr/new_core/lib]
2022-10-03 14:11:55.765 INFO  (main) [   ] o.e.j.s.h.ContextHandler Started o.e.j.w.WebAppContext@f27ea3{/solr,file:///Users/liukun/Documents/22F/Product-Search-Project/solr/server/solr-webapp/webapp/,AVAILABLE}{/Users/liukun/Documents/22F/Product-Search-Project/solr/server/solr-webapp/webapp}
2022-10-03 14:11:55.776 INFO  (main) [   ] o.e.j.s.AbstractConnector Started ServerConnector@522a32b1{HTTP/1.1, (http/1.1, h2c)}{0.0.0.0:8983}
2022-10-03 14:11:55.776 INFO  (main) [   ] o.e.j.s.Server Started @3239ms
2022-10-03 14:11:56.027 INFO  (coreLoadExecutor-13-thread-1) [   x:new_core] o.a.s.c.SolrConfig Using Lucene MatchVersion: 8.11.2
2022-10-03 14:11:56.035 INFO  (coreLoadExecutor-13-thread-1) [   x:new_core] o.a.s.u.SolrIndexConfig IndexWriter infoStream solr logging is enabled
2022-10-03 14:11:56.063 WARN  (coreLoadExecutor-13-thread-1) [   x:new_core] o.a.s.c.SolrConfig solrconfig.xml: <jmx> is no longer supported, use solr.xml:/metrics/reporter section instead
2022-10-03 14:11:56.100 INFO  (coreLoadExecutor-13-thread-1) [   x:new_core] o.a.s.s.IndexSchema Schema name=example
2022-10-03 14:11:56.430 INFO  (coreLoadExecutor-13-thread-1) [   x:new_core] o.a.s.r.RestManager Registered ManagedResource impl org.apache.solr.rest.schema.analysis.ManagedWordSetResource for path /schema/analysis/stopwords/english
2022-10-03 14:11:56.430 INFO  (coreLoadExecutor-13-thread-1) [   x:new_core] o.a.s.r.RestManager Registered ManagedResource impl org.apache.solr.rest.schema.analysis.ManagedSynonymGraphFilterFactory$SynonymManager for path /schema/analysis/synonyms/english
2022-10-03 14:11:56.430 INFO  (coreLoadExecutor-13-thread-1) [   x:new_core] o.a.s.r.RestManager Added observer of type org.apache.solr.rest.schema.analysis.ManagedStopFilterFactory to existing ManagedResource /schema/analysis/stopwords/english
2022-10-03 14:11:56.430 INFO  (coreLoadExecutor-13-thread-1) [   x:new_core] o.a.s.r.RestManager Added observer of type org.apache.solr.rest.schema.analysis.ManagedSynonymGraphFilterFactory to existing ManagedResource /schema/analysis/synonyms/english
2022-10-03 14:11:56.440 INFO  (coreLoadExecutor-13-thread-1) [   x:new_core] o.a.s.s.IndexSchema Loaded schema example/1.6 with uniqueid field id
2022-10-03 14:11:56.441 INFO  (coreLoadExecutor-13-thread-1) [   x:new_core] o.a.s.r.RestManager Added observer of type org.apache.solr.rest.schema.analysis.ManagedStopFilterFactory to existing ManagedResource /schema/analysis/stopwords/english
2022-10-03 14:11:56.441 INFO  (coreLoadExecutor-13-thread-1) [   x:new_core] o.a.s.r.RestManager Added observer of type org.apache.solr.rest.schema.analysis.ManagedSynonymGraphFilterFactory to existing ManagedResource /schema/analysis/synonyms/english
2022-10-03 14:11:56.441 INFO  (coreLoadExecutor-13-thread-1) [   x:new_core] o.a.s.r.RestManager Added observer of type org.apache.solr.rest.schema.analysis.ManagedStopFilterFactory to existing ManagedResource /schema/analysis/stopwords/english
2022-10-03 14:11:56.441 INFO  (coreLoadExecutor-13-thread-1) [   x:new_core] o.a.s.r.RestManager Added observer of type org.apache.solr.rest.schema.analysis.ManagedSynonymGraphFilterFactory to existing ManagedResource /schema/analysis/synonyms/english
2022-10-03 14:11:56.500 INFO  (coreLoadExecutor-13-thread-1) [   x:new_core] o.a.s.c.CoreContainer Creating SolrCore 'new_core' using configuration from instancedir /Users/liukun/Documents/22F/Product-Search-Project/solr/server/solr/new_core, trusted=true
2022-10-03 14:11:56.531 INFO  (coreLoadExecutor-13-thread-1) [   x:new_core] o.a.s.m.r.SolrJmxReporter JMX monitoring for 'solr.core.new_core' (registry 'solr.core.new_core') enabled at server: com.sun.jmx.mbeanserver.JmxMBeanServer@413d1baf
2022-10-03 14:11:56.548 INFO  (coreLoadExecutor-13-thread-1) [   x:new_core] o.a.s.c.SolrCore [[new_core] ] Opening new SolrCore at [/Users/liukun/Documents/22F/Product-Search-Project/solr/server/solr/new_core], dataDir=[/Users/liukun/Documents/22F/Product-Search-Project/solr/server/solr/new_core/data/]
2022-10-03 14:11:56.574 INFO  (coreLoadExecutor-13-thread-1) [   x:new_core] o.a.s.r.XSLTResponseWriter xsltCacheLifetimeSeconds=5
2022-10-03 14:11:56.864 WARN  (coreLoadExecutor-13-thread-1) [   x:new_core] o.a.s.h.d.DataImportHandler Data Import Handler is deprecated as of Solr 8.6. See SOLR-14066 for more details.
2022-10-03 14:11:56.879 INFO  (coreLoadExecutor-13-thread-1) [   x:new_core] o.a.s.u.UpdateHandler Using UpdateLog implementation: org.apache.solr.update.UpdateLog
2022-10-03 14:11:56.879 INFO  (coreLoadExecutor-13-thread-1) [   x:new_core] o.a.s.u.UpdateLog Initializing UpdateLog: dataDir= defaultSyncLevel=FLUSH numRecordsToKeep=100 maxNumLogsToKeep=10 numVersionBuckets=65536
2022-10-03 14:11:56.895 INFO  (coreLoadExecutor-13-thread-1) [   x:new_core] o.a.s.u.CommitTracker Hard AutoCommit: if uncommitted for 15000ms; 
2022-10-03 14:11:56.895 INFO  (coreLoadExecutor-13-thread-1) [   x:new_core] o.a.s.u.CommitTracker Soft AutoCommit: disabled
2022-10-03 14:11:56.984 INFO  (coreLoadExecutor-13-thread-1) [   x:new_core] o.a.s.r.ManagedResourceStorage File-based storage initialized to use dir: /Users/liukun/Documents/22F/Product-Search-Project/solr/server/solr/new_core/conf
2022-10-03 14:11:56.985 INFO  (coreLoadExecutor-13-thread-1) [   x:new_core] o.a.s.r.ManagedResourceStorage Loaded LinkedHashMap at path _rest_managed.json using file:dir=/Users/liukun/Documents/22F/Product-Search-Project/solr/server/solr/new_core/conf
2022-10-03 14:11:56.985 INFO  (coreLoadExecutor-13-thread-1) [   x:new_core] o.a.s.r.ManagedResource Loaded initArgs {} for /rest/managed
2022-10-03 14:11:56.987 INFO  (coreLoadExecutor-13-thread-1) [   x:new_core] o.a.s.r.ManagedResourceStorage Loaded LinkedHashMap at path _schema_analysis_stopwords_english.json using file:dir=/Users/liukun/Documents/22F/Product-Search-Project/solr/server/solr/new_core/conf
2022-10-03 14:11:56.987 INFO  (coreLoadExecutor-13-thread-1) [   x:new_core] o.a.s.r.ManagedResource Loaded initArgs {ignoreCase=true} for /schema/analysis/stopwords/english
2022-10-03 14:11:56.987 INFO  (coreLoadExecutor-13-thread-1) [   x:new_core] o.a.s.r.s.a.ManagedWordSetResource Loaded 35 words for /schema/analysis/stopwords/english
2022-10-03 14:11:56.987 INFO  (coreLoadExecutor-13-thread-1) [   x:new_core] o.a.s.r.ManagedResource Notified 2 observers of /schema/analysis/stopwords/english
2022-10-03 14:11:56.988 INFO  (coreLoadExecutor-13-thread-1) [   x:new_core] o.a.s.r.ManagedResourceStorage Loaded LinkedHashMap at path _schema_analysis_synonyms_english.json using file:dir=/Users/liukun/Documents/22F/Product-Search-Project/solr/server/solr/new_core/conf
2022-10-03 14:11:56.988 INFO  (coreLoadExecutor-13-thread-1) [   x:new_core] o.a.s.r.ManagedResource Loaded initArgs {ignoreCase=true,format=solr} for /schema/analysis/synonyms/english
2022-10-03 14:11:56.988 INFO  (coreLoadExecutor-13-thread-1) [   x:new_core] o.a.s.r.s.a.ManagedSynonymGraphFilterFactory Loaded 3 synonym mappings for /schema/analysis/synonyms/english
2022-10-03 14:11:56.990 INFO  (coreLoadExecutor-13-thread-1) [   x:new_core] o.a.s.r.ManagedResource Notified 2 observers of /schema/analysis/synonyms/english
2022-10-03 14:11:56.999 INFO  (coreLoadExecutor-13-thread-1) [   x:new_core] o.a.s.h.c.SpellCheckComponent Initializing spell checkers
2022-10-03 14:11:57.004 INFO  (coreLoadExecutor-13-thread-1) [   x:new_core] o.a.s.s.DirectSolrSpellChecker init: {name=default,field=text,classname=solr.DirectSolrSpellChecker,distanceMeasure=internal,accuracy=0.5,maxQueryFrequency=0.01,maxEdits=2,minPrefix=1,maxInspections=5,minQueryLength=4}
2022-10-03 14:11:57.009 INFO  (coreLoadExecutor-13-thread-1) [   x:new_core] o.a.s.h.c.SuggestComponent Initializing SuggestComponent
2022-10-03 14:11:57.012 INFO  (coreLoadExecutor-13-thread-1) [   x:new_core] o.a.s.s.s.SolrSuggester init: {name=mySuggester,lookupImpl=FuzzyLookupFactory,dictionaryImpl=DocumentDictionaryFactory,field=cat,weightField=price,suggestAnalyzerFieldType=string,buildOnStartup=false}
2022-10-03 14:11:57.020 INFO  (coreLoadExecutor-13-thread-1) [   x:new_core] o.a.s.s.s.SolrSuggester Dictionary loaded with params: {name=mySuggester,lookupImpl=FuzzyLookupFactory,dictionaryImpl=DocumentDictionaryFactory,field=cat,weightField=price,suggestAnalyzerFieldType=string,buildOnStartup=false}
2022-10-03 14:11:57.020 INFO  (coreLoadExecutor-13-thread-1) [   x:new_core] o.a.s.h.c.QueryElevationComponent Loading QueryElevation from: /Users/liukun/Documents/22F/Product-Search-Project/solr/server/solr/new_core/conf/elevate.xml
2022-10-03 14:11:57.028 INFO  (coreLoadExecutor-13-thread-1) [   x:new_core] o.a.s.h.ReplicationHandler Commits will be reserved for 10000 ms
2022-10-03 14:11:57.085 INFO  (searcherExecutor-15-thread-1-processing-x:new_core) [   x:new_core] o.a.s.c.S.Request [new_core]  webapp=null path=null params={q=static+firstSearcher+warming+in+solrconfig.xml&distrib=false&event=firstSearcher} hits=0 status=0 QTime=43
2022-10-03 14:11:57.085 INFO  (searcherExecutor-15-thread-1-processing-x:new_core) [   x:new_core] o.a.s.c.QuerySenderListener QuerySenderListener done.
2022-10-03 14:11:57.085 INFO  (searcherExecutor-15-thread-1-processing-x:new_core) [   x:new_core] o.a.s.h.c.SpellCheckComponent Loading spell index for spellchecker: default
2022-10-03 14:11:57.085 INFO  (searcherExecutor-15-thread-1-processing-x:new_core) [   x:new_core] o.a.s.h.c.SpellCheckComponent Loading spell index for spellchecker: wordbreak
2022-10-03 14:11:57.091 INFO  (searcherExecutor-15-thread-1-processing-x:new_core) [   x:new_core] o.a.s.c.SolrCore [new_core]  Registered new searcher autowarm time: 0 ms
2022-10-03 14:11:58.430 INFO  (qtp1266534280-20) [   ] o.a.s.s.HttpSolrCall [admin] webapp=null path=/admin/cores params={indexInfo=false&wt=json&_=1664806318307} status=0 QTime=2
2022-10-03 14:11:58.439 INFO  (qtp1266534280-22) [   ] o.a.s.s.HttpSolrCall [admin] webapp=null path=/admin/info/logging params={wt=json&_=1664806318416&since=0} status=0 QTime=4
2022-10-03 14:11:58.444 INFO  (qtp1266534280-21) [   ] o.a.s.s.HttpSolrCall [admin] webapp=null path=/admin/info/system params={wt=json&_=1664806318308} status=0 QTime=13
2022-10-03 14:11:59.328 INFO  (qtp1266534280-28) [   ] o.a.s.s.HttpSolrCall [admin] webapp=null path=/admin/cores params={indexInfo=false&wt=json&_=1664806318307} status=0 QTime=0
2022-10-03 14:11:59.359 INFO  (qtp1266534280-24) [   ] o.a.s.s.HttpSolrCall [admin] webapp=null path=/admin/info/system params={wt=json&_=1664806318308} status=0 QTime=28
2022-10-03 14:11:59.371 INFO  (qtp1266534280-21) [   ] o.a.s.s.HttpSolrCall [admin] webapp=null path=/admin/info/threads params={wt=json&_=1664806319320} status=0 QTime=39
2022-10-03 14:12:00.955 INFO  (qtp1266534280-26) [   ] o.a.s.s.HttpSolrCall [admin] webapp=null path=/admin/cores params={indexInfo=false&wt=json&_=1664806318307} status=0 QTime=0
2022-10-03 14:12:00.959 INFO  (qtp1266534280-25) [   ] o.a.s.s.HttpSolrCall [admin] webapp=null path=/admin/info/system params={wt=json&_=1664806318308} status=0 QTime=4
2022-10-03 14:12:00.965 INFO  (qtp1266534280-27) [   x:new_core] o.a.s.c.S.Request [new_core]  webapp=/solr path=/admin/luke params={numTerms=0&show=index&wt=json&_=1664806320946} status=0 QTime=9
2022-10-03 14:12:00.974 INFO  (qtp1266534280-24) [   x:new_core] o.a.s.c.S.Request [new_core]  webapp=/solr path=/admin/system params={wt=json&_=1664806320946} status=0 QTime=5
2022-10-03 14:12:00.975 INFO  (qtp1266534280-28) [   x:new_core] o.a.s.c.S.Request [new_core]  webapp=/solr path=/replication params={wt=json&command=details&_=1664806320947} status=0 QTime=9
2022-10-03 14:12:00.976 INFO  (qtp1266534280-19) [   x:new_core] o.a.s.c.S.Request [new_core]  webapp=/solr path=/admin/ping params={action=status&wt=json&_=1664806318308&ts=1664806318308} status=503 QTime=1
2022-10-03 14:12:02.208 INFO  (qtp1266534280-27) [   ] o.a.s.s.HttpSolrCall [admin] webapp=null path=/admin/cores params={indexInfo=false&wt=json&_=1664806318307} status=0 QTime=0
2022-10-03 14:12:02.210 INFO  (qtp1266534280-25) [   x:new_core] o.a.s.c.S.Request [new_core]  webapp=/solr path=/admin/mbeans params={cat=QUERY&wt=json&_=1664806322195} status=0 QTime=0
2022-10-03 14:12:02.215 INFO  (qtp1266534280-26) [   ] o.a.s.s.HttpSolrCall [admin] webapp=null path=/admin/info/system params={wt=json&_=1664806318308} status=0 QTime=5
2022-10-03 14:12:02.258 INFO  (qtp1266534280-28) [   ] o.a.s.s.HttpSolrCall [admin] webapp=null path=/admin/cores params={indexInfo=false&wt=json&_=1664806318307} status=0 QTime=0
2022-10-03 14:12:02.261 INFO  (qtp1266534280-24) [   x:new_core] o.a.s.c.S.Request [new_core]  webapp=/solr path=/admin/mbeans params={cat=QUERY&wt=json&_=1664806322195} status=0 QTime=0
2022-10-03 14:12:02.265 INFO  (qtp1266534280-20) [   ] o.a.s.s.HttpSolrCall [admin] webapp=null path=/admin/info/system params={wt=json&_=1664806318308} status=0 QTime=5
2022-10-03 14:12:02.270 INFO  (qtp1266534280-26) [   x:new_core] o.a.s.c.S.Request [new_core]  webapp=/solr path=/dataimport params={indent=on&wt=json&command=show-config&_=1664806322196} status=0 QTime=7
2022-10-03 14:12:02.292 INFO  (qtp1266534280-27) [   x:new_core] o.a.s.c.S.Request [new_core]  webapp=/solr path=/dataimport params={indent=on&wt=json&command=status&_=1664806322196} status=0 QTime=0
2022-10-03 14:12:04.223 INFO  (qtp1266534280-26) [   ] o.a.s.s.HttpSolrCall [admin] webapp=null path=/admin/info/logging params={wt=json&_=1664805623602&since=0} status=0 QTime=0
2022-10-03 14:12:06.661 INFO  (qtp1266534280-27) [   x:new_core] o.a.s.h.d.DataImporter Loading DIH Configuration: data-config.xml
2022-10-03 14:12:06.670 INFO  (qtp1266534280-27) [   x:new_core] o.a.s.h.d.DataImporter Data Configuration loaded successfully
2022-10-03 14:12:06.680 INFO  (qtp1266534280-27) [   x:new_core] o.a.s.c.S.Request [new_core]  webapp=/solr path=/dataimport params={core=new_core&indent=on&commit=true&name=dataimport&clean=false&wt=json&command=full-import&entity=ProductFeed&_=1664806322196&verbose=false} status=0 QTime=20
2022-10-03 14:12:06.680 INFO  (Thread-12) [   ] o.a.s.h.d.DataImporter Starting Full Import
2022-10-03 14:12:06.687 INFO  (qtp1266534280-26) [   x:new_core] o.a.s.c.S.Request [new_core]  webapp=/solr path=/dataimport params={indent=on&wt=json&command=status&_=1664806322196} status=0 QTime=0
2022-10-03 14:12:06.694 INFO  (Thread-12) [   ] o.a.s.h.d.SimplePropertiesWriter Read dataimport.properties
2022-10-03 14:12:06.730 INFO  (Thread-12) [   ] o.a.s.h.d.JdbcDataSource Creating a connection for entity ProductFeed with URL: jdbc:mysql://localhost:3306/applications
2022-10-03 14:12:06.947 INFO  (Thread-12) [   ] o.a.s.h.d.JdbcDataSource Time taken for getConnection(): 216
2022-10-03 14:12:11.154 INFO  (Thread-12) [   ] o.a.s.h.d.DocBuilder Import completed successfully
2022-10-03 14:12:11.264 INFO  (qtp1266534280-27) [   x:new_core] o.a.s.c.S.Request [new_core]  webapp=/solr path=/dataimport params={indent=on&wt=json&command=status&_=1664806322196} status=0 QTime=0
2022-10-03 14:12:12.715 INFO  (searcherExecutor-15-thread-1) [   ] o.a.s.c.QuerySenderListener QuerySenderListener done.
2022-10-03 14:12:12.721 INFO  (searcherExecutor-15-thread-1) [   ] o.a.s.c.SolrCore [new_core]  Registered new searcher autowarm time: 4 ms
2022-10-03 14:12:12.728 INFO  (Thread-12) [   ] o.a.s.h.d.SimplePropertiesWriter Read dataimport.properties
2022-10-03 14:12:12.729 INFO  (Thread-12) [   ] o.a.s.h.d.SimplePropertiesWriter Wrote last indexed time to dataimport.properties
2022-10-03 14:12:12.729 INFO  (Thread-12) [   ] o.a.s.h.d.DocBuilder Time taken = 0:0:6.34
2022-10-03 14:12:12.729 INFO  (Thread-12) [   ] o.a.s.u.p.LogUpdateProcessorFactory [new_core]  webapp=/solr path=/dataimport params={core=new_core&indent=on&commit=true&name=dataimport&clean=false&wt=json&command=full-import&entity=ProductFeed&_=1664806322196&verbose=false} status=0 QTime=20{add=[23379 (1745675959709728768), 23380 (1745675959763206144), 23381 (1745675959765303296), 23382 (1745675959766351872), 23383 (1745675959767400448), 23384 (1745675959768449024), 23385 (1745675959769497600), 23386 (1745675959769497601), 23387 (1745675959770546176), 23388 (1745675959771594752), ... (62554 adds)],commit=} 0 6069
2022-10-03 14:12:14.239 INFO  (qtp1266534280-26) [   ] o.a.s.s.HttpSolrCall [admin] webapp=null path=/admin/info/logging params={wt=json&_=1664805623602&since=0} status=0 QTime=0
2022-10-03 14:12:18.626 INFO  (qtp1266534280-27) [   ] o.a.s.s.HttpSolrCall [admin] webapp=null path=/admin/cores params={indexInfo=false&wt=json&_=1664806318307} status=0 QTime=1
2022-10-03 14:12:18.628 INFO  (qtp1266534280-28) [   ] o.a.s.s.HttpSolrCall [admin] webapp=null path=/admin/info/system params={wt=json&_=1664806318308} status=0 QTime=3
2022-10-03 14:12:19.945 INFO  (qtp1266534280-20) [   x:new_core] o.a.s.c.S.Request [new_core]  webapp=/solr path=/select params={q=*:*&indent=true&q.op=OR&_=1664806338598} hits=62554 status=0 QTime=14
2022-10-03 14:12:20.015 INFO  (qtp1266534280-28) [   ] o.a.s.s.HttpSolrCall [admin] webapp=null path=/admin/cores params={indexInfo=false&wt=json&_=1664806318307} status=0 QTime=0
2022-10-03 14:12:20.025 INFO  (qtp1266534280-28) [   x:new_core] o.a.s.c.S.Request [new_core]  webapp=/solr path=/select params={q=*:*&indent=true&q.op=OR&_=1664806338598} hits=62554 status=0 QTime=3
2022-10-03 14:12:20.026 INFO  (qtp1266534280-27) [   ] o.a.s.s.HttpSolrCall [admin] webapp=null path=/admin/info/system params={wt=json&_=1664806318308} status=0 QTime=5
2022-10-03 14:12:24.243 INFO  (qtp1266534280-26) [   ] o.a.s.s.HttpSolrCall [admin] webapp=null path=/admin/info/logging params={wt=json&_=1664805623602&since=0} status=0 QTime=0
2022-10-03 14:12:34.253 INFO  (qtp1266534280-27) [   ] o.a.s.s.HttpSolrCall [admin] webapp=null path=/admin/info/logging params={wt=json&_=1664805623602&since=0} status=0 QTime=0
2022-10-03 14:12:44.257 INFO  (qtp1266534280-26) [   ] o.a.s.s.HttpSolrCall [admin] webapp=null path=/admin/info/logging params={wt=json&_=1664805623602&since=0} status=0 QTime=0
2022-10-03 14:12:54.268 INFO  (qtp1266534280-27) [   ] o.a.s.s.HttpSolrCall [admin] webapp=null path=/admin/info/logging params={wt=json&_=1664805623602&since=0} status=0 QTime=0
2022-10-03 14:13:04.276 INFO  (qtp1266534280-26) [   ] o.a.s.s.HttpSolrCall [admin] webapp=null path=/admin/info/logging params={wt=json&_=1664805623602&since=0} status=0 QTime=0
2022-10-03 14:13:14.283 INFO  (qtp1266534280-27) [   ] o.a.s.s.HttpSolrCall [admin] webapp=null path=/admin/info/logging params={wt=json&_=1664805623602&since=0} status=0 QTime=0
2022-10-03 14:13:24.297 INFO  (qtp1266534280-26) [   ] o.a.s.s.HttpSolrCall [admin] webapp=null path=/admin/info/logging params={wt=json&_=1664805623602&since=0} status=0 QTime=0
