[2022-10-03T22:02:57.650-0400][0.011s] CardTable entry size: 512
[2022-10-03T22:02:57.650-0400][0.012s] Using G1
[2022-10-03T22:02:57.959-0400][0.321s] Version: 18+36-2087 (release)
[2022-10-03T22:02:57.959-0400][0.321s] CPUs: 8 total, 8 available
[2022-10-03T22:02:57.959-0400][0.321s] Memory: 16384M
[2022-10-03T22:02:57.959-0400][0.321s] Large Page Support: Disabled
[2022-10-03T22:02:57.959-0400][0.321s] NUMA Support: Disabled
[2022-10-03T22:02:57.959-0400][0.321s] Compressed Oops: Enabled (Zero based)
[2022-10-03T22:02:57.959-0400][0.321s] Heap Region Size: 1M
[2022-10-03T22:02:57.959-0400][0.321s] Heap Min Capacity: 512M
[2022-10-03T22:02:57.959-0400][0.321s] Heap Initial Capacity: 512M
[2022-10-03T22:02:57.959-0400][0.321s] Heap Max Capacity: 512M
[2022-10-03T22:02:57.959-0400][0.321s] Pre-touch: Enabled
[2022-10-03T22:02:57.959-0400][0.321s] Parallel Workers: 8
[2022-10-03T22:02:57.959-0400][0.321s] Concurrent Workers: 2
[2022-10-03T22:02:57.959-0400][0.321s] Concurrent Refinement Workers: 8
[2022-10-03T22:02:57.959-0400][0.321s] Periodic GC: Disabled
[2022-10-03T22:02:57.960-0400][0.322s] CDS archive(s) mapped at: [0x0000000800000000-0x0000000800ba8000-0x0000000800ba8000), size 12222464, SharedBaseAddress: 0x0000000800000000, ArchiveRelocationMode: 0.
[2022-10-03T22:02:57.960-0400][0.322s] Compressed class space mapped at: 0x0000000800c00000-0x0000000840c00000, reserved size: 1073741824
[2022-10-03T22:02:57.960-0400][0.322s] Narrow klass base: 0x0000000800000000, Narrow klass shift: 0, Narrow klass range: 0x100000000
[2022-10-03T22:02:58.947-0400][1.308s] GC(0) Pause Young (Normal) (G1 Evacuation Pause)
[2022-10-03T22:02:58.947-0400][1.309s] GC(0) Using 8 workers of 8 for evacuation
[2022-10-03T22:02:58.951-0400][1.312s] GC(0)   Pre Evacuate Collection Set: 0.1ms
[2022-10-03T22:02:58.951-0400][1.313s] GC(0)   Merge Heap Roots: 0.2ms
[2022-10-03T22:02:58.951-0400][1.313s] GC(0)   Evacuate Collection Set: 2.3ms
[2022-10-03T22:02:58.951-0400][1.313s] GC(0)   Post Evacuate Collection Set: 0.4ms
[2022-10-03T22:02:58.951-0400][1.313s] GC(0)   Other: 0.9ms
[2022-10-03T22:02:58.951-0400][1.313s] GC(0) Eden regions: 29->0(71)
[2022-10-03T22:02:58.951-0400][1.313s] GC(0) Survivor regions: 0->4(4)
[2022-10-03T22:02:58.951-0400][1.313s] GC(0) Old regions: 0->1
[2022-10-03T22:02:58.951-0400][1.313s] GC(0) Archive regions: 2->2
[2022-10-03T22:02:58.951-0400][1.313s] GC(0) Humongous regions: 0->0
[2022-10-03T22:02:58.951-0400][1.313s] GC(0) Metaspace: 9661K(9920K)->9661K(9920K) NonClass: 8549K(8704K)->8549K(8704K) Class: 1112K(1216K)->1112K(1216K)
[2022-10-03T22:02:58.951-0400][1.313s] GC(0) Pause Young (Normal) (G1 Evacuation Pause) 29M->5M(512M) 4.606ms
[2022-10-03T22:02:58.951-0400][1.313s] GC(0) User=0.02s Sys=0.00s Real=0.01s
[2022-10-03T22:02:59.993-0400][2.355s] GC(1) Pause Young (Normal) (G1 Evacuation Pause)
[2022-10-03T22:02:59.993-0400][2.355s] GC(1) Using 8 workers of 8 for evacuation
[2022-10-03T22:03:00.000-0400][2.362s] GC(1)   Pre Evacuate Collection Set: 0.1ms
[2022-10-03T22:03:00.000-0400][2.362s] GC(1)   Merge Heap Roots: 0.1ms
[2022-10-03T22:03:00.000-0400][2.362s] GC(1)   Evacuate Collection Set: 5.4ms
[2022-10-03T22:03:00.000-0400][2.362s] GC(1)   Post Evacuate Collection Set: 1.0ms
[2022-10-03T22:03:00.000-0400][2.362s] GC(1)   Other: 0.1ms
[2022-10-03T22:03:00.000-0400][2.362s] GC(1) Eden regions: 66->0(118)
[2022-10-03T22:03:00.000-0400][2.362s] GC(1) Survivor regions: 4->9(9)
[2022-10-03T22:03:00.000-0400][2.362s] GC(1) Old regions: 1->11
[2022-10-03T22:03:00.000-0400][2.362s] GC(1) Archive regions: 2->2
[2022-10-03T22:03:00.000-0400][2.362s] GC(1) Humongous regions: 4->4
[2022-10-03T22:03:00.000-0400][2.362s] GC(1) Metaspace: 18597K(18944K)->18597K(18944K) NonClass: 16451K(16640K)->16451K(16640K) Class: 2145K(2304K)->2145K(2304K)
[2022-10-03T22:03:00.000-0400][2.362s] GC(1) Pause Young (Normal) (G1 Evacuation Pause) 75M->24M(512M) 6.986ms
[2022-10-03T22:03:00.000-0400][2.362s] GC(1) User=0.04s Sys=0.00s Real=0.01s
[2022-10-03T22:03:00.176-0400][2.537s] GC(2) Pause Young (Concurrent Start) (Metadata GC Threshold)
[2022-10-03T22:03:00.176-0400][2.538s] GC(2) Using 8 workers of 8 for evacuation
[2022-10-03T22:03:00.180-0400][2.542s] GC(2)   Pre Evacuate Collection Set: 0.2ms
[2022-10-03T22:03:00.180-0400][2.542s] GC(2)   Merge Heap Roots: 0.1ms
[2022-10-03T22:03:00.180-0400][2.542s] GC(2)   Evacuate Collection Set: 3.2ms
[2022-10-03T22:03:00.180-0400][2.542s] GC(2)   Post Evacuate Collection Set: 0.7ms
[2022-10-03T22:03:00.180-0400][2.542s] GC(2)   Other: 0.0ms
[2022-10-03T22:03:00.180-0400][2.542s] GC(2) Eden regions: 13->0(247)
[2022-10-03T22:03:00.180-0400][2.542s] GC(2) Survivor regions: 9->8(16)
[2022-10-03T22:03:00.180-0400][2.542s] GC(2) Old regions: 11->13
[2022-10-03T22:03:00.180-0400][2.542s] GC(2) Archive regions: 2->2
[2022-10-03T22:03:00.180-0400][2.542s] GC(2) Humongous regions: 4->4
[2022-10-03T22:03:00.180-0400][2.542s] GC(2) Metaspace: 21218K(21504K)->21218K(21504K) NonClass: 18850K(19008K)->18850K(19008K) Class: 2367K(2496K)->2367K(2496K)
[2022-10-03T22:03:00.180-0400][2.542s] GC(2) Pause Young (Concurrent Start) (Metadata GC Threshold) 36M->25M(512M) 4.663ms
[2022-10-03T22:03:00.180-0400][2.542s] GC(2) User=0.02s Sys=0.00s Real=0.01s
[2022-10-03T22:03:00.181-0400][2.542s] GC(3) Concurrent Mark Cycle
[2022-10-03T22:03:00.181-0400][2.542s] GC(3) Concurrent Clear Claimed Marks
[2022-10-03T22:03:00.181-0400][2.542s] GC(3) Concurrent Clear Claimed Marks 0.019ms
[2022-10-03T22:03:00.181-0400][2.542s] GC(3) Concurrent Scan Root Regions
[2022-10-03T22:03:00.183-0400][2.544s] GC(3) Concurrent Scan Root Regions 2.047ms
[2022-10-03T22:03:00.183-0400][2.544s] GC(3) Concurrent Mark
[2022-10-03T22:03:00.183-0400][2.544s] GC(3) Concurrent Mark From Roots
[2022-10-03T22:03:00.183-0400][2.544s] GC(3) Using 2 workers of 2 for marking
[2022-10-03T22:03:00.190-0400][2.552s] GC(3) Concurrent Mark From Roots 7.637ms
[2022-10-03T22:03:00.190-0400][2.552s] GC(3) Concurrent Preclean
[2022-10-03T22:03:00.190-0400][2.552s] GC(3) Concurrent Preclean 0.044ms
[2022-10-03T22:03:00.191-0400][2.552s] GC(3) Pause Remark
[2022-10-03T22:03:00.192-0400][2.554s] GC(3) Pause Remark 26M->26M(512M) 1.405ms
[2022-10-03T22:03:00.192-0400][2.554s] GC(3) User=0.00s Sys=0.00s Real=0.00s
[2022-10-03T22:03:00.192-0400][2.554s] GC(3) Concurrent Mark 9.590ms
[2022-10-03T22:03:00.192-0400][2.554s] GC(3) Concurrent Rebuild Remembered Sets
[2022-10-03T22:03:00.197-0400][2.559s] GC(3) Concurrent Rebuild Remembered Sets 5.142ms
[2022-10-03T22:03:00.198-0400][2.559s] GC(3) Pause Cleanup
[2022-10-03T22:03:00.198-0400][2.559s] GC(3) Pause Cleanup 26M->26M(512M) 0.080ms
[2022-10-03T22:03:00.198-0400][2.559s] GC(3) User=0.00s Sys=0.00s Real=0.00s
[2022-10-03T22:03:00.198-0400][2.560s] GC(3) Concurrent Cleanup for Next Mark
[2022-10-03T22:03:00.199-0400][2.560s] GC(3) Concurrent Cleanup for Next Mark 0.767ms
[2022-10-03T22:03:00.199-0400][2.560s] GC(3) Concurrent Mark Cycle 18.190ms
[2022-10-03T22:03:01.819-0400][4.181s] GC(4) Pause Young (Concurrent Start) (Metadata GC Threshold)
[2022-10-03T22:03:01.819-0400][4.181s] GC(4) Using 8 workers of 8 for evacuation
[2022-10-03T22:03:01.825-0400][4.187s] GC(4)   Pre Evacuate Collection Set: 0.2ms
[2022-10-03T22:03:01.825-0400][4.187s] GC(4)   Merge Heap Roots: 0.1ms
[2022-10-03T22:03:01.825-0400][4.187s] GC(4)   Evacuate Collection Set: 5.0ms
[2022-10-03T22:03:01.825-0400][4.187s] GC(4)   Post Evacuate Collection Set: 0.8ms
[2022-10-03T22:03:01.825-0400][4.187s] GC(4)   Other: 0.2ms
[2022-10-03T22:03:01.825-0400][4.187s] GC(4) Eden regions: 89->0(289)
[2022-10-03T22:03:01.825-0400][4.187s] GC(4) Survivor regions: 8->18(32)
[2022-10-03T22:03:01.825-0400][4.187s] GC(4) Old regions: 13->13
[2022-10-03T22:03:01.825-0400][4.187s] GC(4) Archive regions: 2->2
[2022-10-03T22:03:01.825-0400][4.187s] GC(4) Humongous regions: 7->5
[2022-10-03T22:03:01.825-0400][4.187s] GC(4) Metaspace: 35790K(36160K)->35790K(36160K) NonClass: 31644K(31808K)->31644K(31808K) Class: 4146K(4352K)->4146K(4352K)
[2022-10-03T22:03:01.825-0400][4.187s] GC(4) Pause Young (Concurrent Start) (Metadata GC Threshold) 116M->36M(512M) 6.497ms
[2022-10-03T22:03:01.825-0400][4.187s] GC(4) User=0.04s Sys=0.00s Real=0.01s
[2022-10-03T22:03:01.825-0400][4.187s] GC(5) Concurrent Mark Cycle
[2022-10-03T22:03:01.826-0400][4.187s] GC(5) Concurrent Clear Claimed Marks
[2022-10-03T22:03:01.826-0400][4.187s] GC(5) Concurrent Clear Claimed Marks 0.025ms
[2022-10-03T22:03:01.826-0400][4.187s] GC(5) Concurrent Scan Root Regions
[2022-10-03T22:03:01.829-0400][4.190s] GC(5) Concurrent Scan Root Regions 3.161ms
[2022-10-03T22:03:01.829-0400][4.190s] GC(5) Concurrent Mark
[2022-10-03T22:03:01.829-0400][4.191s] GC(5) Concurrent Mark From Roots
[2022-10-03T22:03:01.829-0400][4.191s] GC(5) Using 2 workers of 2 for marking
[2022-10-03T22:03:01.838-0400][4.200s] GC(5) Concurrent Mark From Roots 9.652ms
[2022-10-03T22:03:01.838-0400][4.200s] GC(5) Concurrent Preclean
[2022-10-03T22:03:01.839-0400][4.200s] GC(5) Concurrent Preclean 0.043ms
[2022-10-03T22:03:01.839-0400][4.200s] GC(5) Pause Remark
[2022-10-03T22:03:01.840-0400][4.202s] GC(5) Pause Remark 37M->37M(512M) 1.405ms
[2022-10-03T22:03:01.840-0400][4.202s] GC(5) User=0.01s Sys=0.00s Real=0.01s
[2022-10-03T22:03:01.840-0400][4.202s] GC(5) Concurrent Mark 11.647ms
[2022-10-03T22:03:01.840-0400][4.202s] GC(5) Concurrent Rebuild Remembered Sets
[2022-10-03T22:03:01.847-0400][4.208s] GC(5) Concurrent Rebuild Remembered Sets 6.135ms
[2022-10-03T22:03:01.847-0400][4.208s] GC(5) Pause Cleanup
[2022-10-03T22:03:01.847-0400][4.209s] GC(5) Pause Cleanup 37M->37M(512M) 0.116ms
[2022-10-03T22:03:01.847-0400][4.209s] GC(5) User=0.00s Sys=0.00s Real=0.00s
[2022-10-03T22:03:01.847-0400][4.209s] GC(5) Concurrent Cleanup for Next Mark
[2022-10-03T22:03:01.848-0400][4.209s] GC(5) Concurrent Cleanup for Next Mark 0.780ms
[2022-10-03T22:03:01.848-0400][4.209s] GC(5) Concurrent Mark Cycle 22.269ms
[2022-10-04T07:02:35.378-0400][30308.564s] GC(6) Pause Young (Normal) (G1 Evacuation Pause)
[2022-10-04T07:02:35.384-0400][30308.571s] GC(6) Using 8 workers of 8 for evacuation
[2022-10-04T07:02:35.506-0400][30308.693s] GC(6)   Pre Evacuate Collection Set: 10.1ms
[2022-10-04T07:02:35.506-0400][30308.693s] GC(6)   Merge Heap Roots: 9.3ms
[2022-10-04T07:02:35.506-0400][30308.693s] GC(6)   Evacuate Collection Set: 99.4ms
[2022-10-04T07:02:35.506-0400][30308.693s] GC(6)   Post Evacuate Collection Set: 1.2ms
[2022-10-04T07:02:35.506-0400][30308.693s] GC(6)   Other: 3.7ms
[2022-10-04T07:02:35.506-0400][30308.693s] GC(6) Eden regions: 289->0(283)
[2022-10-04T07:02:35.506-0400][30308.693s] GC(6) Survivor regions: 18->24(39)
[2022-10-04T07:02:35.506-0400][30308.693s] GC(6) Old regions: 13->13
[2022-10-04T07:02:35.506-0400][30308.693s] GC(6) Archive regions: 2->2
[2022-10-04T07:02:35.506-0400][30308.693s] GC(6) Humongous regions: 8->8
[2022-10-04T07:02:35.506-0400][30308.693s] GC(6) Metaspace: 49726K(50240K)->49726K(50240K) NonClass: 43942K(44224K)->43942K(44224K) Class: 5784K(6016K)->5784K(6016K)
[2022-10-04T07:02:35.506-0400][30308.693s] GC(6) Pause Young (Normal) (G1 Evacuation Pause) 328M->45M(512M) 128.903ms
[2022-10-04T07:02:35.506-0400][30308.693s] GC(6) User=0.09s Sys=0.45s Real=0.13s
